2024-12-14 16:13:46 0 [Note] Starting MariaDB 10.11.10-MariaDB source revision 3d0fb150289716ca75cd64d62823cf715ee47646 server_uid Os0XFF+KVnbEQyPrUP4laJwylhQ= as process 15316
2024-12-14 16:13:46 0 [Note] InnoDB: Compressed tables use zlib 1.3.1
2024-12-14 16:13:46 0 [Note] InnoDB: Number of transaction pools: 1
2024-12-14 16:13:46 0 [Note] InnoDB: Using crc32 + pclmulqdq instructions
2024-12-14 16:13:46 0 [Note] InnoDB: Initializing buffer pool, total size = 64.000MiB, chunk size = 1.000MiB
2024-12-14 16:13:46 0 [Note] InnoDB: Completed initialization of buffer pool
2024-12-14 16:13:46 0 [Note] InnoDB: File system buffers for log disabled (block size=512 bytes)
2024-12-14 16:13:46 0 [Note] InnoDB: End of log at LSN=1784781527
2024-12-14 16:13:46 0 [ERROR] InnoDB: The change buffer is corrupted or has been removed on upgrade to MariaDB 11.0 or later
2024-12-14 16:13:46 0 [Note] InnoDB: 128 rollback segments are active.
2024-12-14 16:13:46 0 [Note] InnoDB: Setting file 'C:/Program Files (x86)/xampplite/mysql/data/ibtmp1' size to 12.000MiB. Physically writing the file full; Please wait ...
2024-12-14 16:13:46 0 [Note] InnoDB: File 'C:/Program Files (x86)/xampplite/mysql/data/ibtmp1' size is now 12.000MiB.
2024-12-14 16:13:46 0 [Note] InnoDB: log sequence number 1784781527; transaction id 2968039
2024-12-14 16:13:46 0 [Note] Plugin 'FEEDBACK' is disabled.
2024-12-14 16:13:46 0 [Note] InnoDB: Loading buffer pool(s) from C:\Program Files (x86)\xampplite\mysql\data\ib_buffer_pool
2024-12-14 16:13:46 0 [Note] InnoDB: Buffer pool(s) load completed at 241214 16:13:46
2024-12-14 16:13:46 0 [Note] mysqld.exe: SSPI: using principal name 'localhost', mech 'Negotiate'
2024-12-14 16:13:47 0 [Note] Server socket created on IP: '::'.
2024-12-14 16:13:47 0 [Note] Server socket created on IP: '0.0.0.0'.
2024-12-14 16:13:47 0 [Note] C:\Program Files (x86)\xampplite\mysql\bin\mysqld.exe: ready for connections.
Version: '10.11.10-MariaDB'  socket: ''  port: 3306  mariadb.org binary distribution
2024-12-14 16:14:25 0 [Note] Windows service "mysql":  received SERVICE_CONTROL_STOP
2024-12-14 16:14:25 0 [Note] C:\Program Files (x86)\xampplite\mysql\bin\mysqld.exe (initiated by: unknown): Normal shutdown
2024-12-14 16:14:25 0 [Note] InnoDB: FTS optimize thread exiting.
2024-12-14 16:14:25 0 [Note] InnoDB: Starting shutdown...
2024-12-14 16:14:25 0 [Note] InnoDB: Dumping buffer pool(s) to C:\Program Files (x86)\xampplite\mysql\data\ib_buffer_pool
2024-12-14 16:14:25 0 [Note] InnoDB: Buffer pool(s) dump completed at 241214 16:14:25
2024-12-14 16:14:25 0 [Note] InnoDB: Removed temporary tablespace data file: "C:/Program Files (x86)/xampplite/mysql/data/ibtmp1"
2024-12-14 16:14:25 0 [Note] InnoDB: Shutdown completed; log sequence number 1784781527; transaction id 2968040
2024-12-14 16:14:25 0 [Note] C:\Program Files (x86)\xampplite\mysql\bin\mysqld.exe: Shutdown complete

2024-12-14 20:05:34 0 [Note] Starting MariaDB 10.11.10-MariaDB source revision 3d0fb150289716ca75cd64d62823cf715ee47646 server_uid Os0XFF+KVnbEQyPrUP4laJwylhQ= as process 13272
2024-12-14 20:05:34 0 [Note] InnoDB: Compressed tables use zlib 1.3.1
2024-12-14 20:05:34 0 [Note] InnoDB: Number of transaction pools: 1
2024-12-14 20:05:34 0 [Note] InnoDB: Using crc32 + pclmulqdq instructions
2024-12-14 20:05:34 0 [Note] InnoDB: Initializing buffer pool, total size = 64.000MiB, chunk size = 1.000MiB
2024-12-14 20:05:34 0 [Note] InnoDB: Completed initialization of buffer pool
2024-12-14 20:05:34 0 [Note] InnoDB: File system buffers for log disabled (block size=512 bytes)
2024-12-14 20:05:34 0 [Note] InnoDB: End of log at LSN=1784781527
2024-12-14 20:05:34 0 [ERROR] InnoDB: The change buffer is corrupted or has been removed on upgrade to MariaDB 11.0 or later
2024-12-14 20:05:35 0 [Note] InnoDB: 128 rollback segments are active.
2024-12-14 20:05:35 0 [Note] InnoDB: Setting file 'C:/Program Files (x86)/xampplite/mysql/data/ibtmp1' size to 12.000MiB. Physically writing the file full; Please wait ...
2024-12-14 20:05:35 0 [Note] InnoDB: File 'C:/Program Files (x86)/xampplite/mysql/data/ibtmp1' size is now 12.000MiB.
2024-12-14 20:05:35 0 [Note] InnoDB: log sequence number 1784781527; transaction id 2968039
2024-12-14 20:05:35 0 [Note] InnoDB: Loading buffer pool(s) from C:\Program Files (x86)\xampplite\mysql\data\ib_buffer_pool
2024-12-14 20:05:35 0 [Note] Plugin 'FEEDBACK' is disabled.
2024-12-14 20:05:35 0 [Note] mysqld.exe: SSPI: using principal name 'localhost', mech 'Negotiate'
2024-12-14 20:05:35 0 [Note] InnoDB: Buffer pool(s) load completed at 241214 20:05:35
2024-12-14 20:05:35 0 [Note] Server socket created on IP: '::'.
2024-12-14 20:05:35 0 [Note] Server socket created on IP: '0.0.0.0'.
2024-12-14 20:05:35 0 [Note] C:\Program Files (x86)\xampplite\mysql\bin\mysqld.exe: ready for connections.
Version: '10.11.10-MariaDB'  socket: ''  port: 3306  mariadb.org binary distribution
2024-12-14 20:13:47 0 [Note] Windows service "mysql":  received SERVICE_CONTROL_STOP
2024-12-14 20:13:47 0 [Note] C:\Program Files (x86)\xampplite\mysql\bin\mysqld.exe (initiated by: unknown): Normal shutdown
2024-12-14 20:13:47 0 [Note] InnoDB: FTS optimize thread exiting.
2024-12-14 20:13:47 0 [Note] InnoDB: Starting shutdown...
2024-12-14 20:13:47 0 [Note] InnoDB: Dumping buffer pool(s) to C:\Program Files (x86)\xampplite\mysql\data\ib_buffer_pool
2024-12-14 20:13:47 0 [Note] InnoDB: Buffer pool(s) dump completed at 241214 20:13:47
2024-12-14 20:13:47 0 [Note] InnoDB: Removed temporary tablespace data file: "C:/Program Files (x86)/xampplite/mysql/data/ibtmp1"
2024-12-14 20:13:47 0 [Note] InnoDB: Shutdown completed; log sequence number 1784781997; transaction id 2968062
2024-12-14 20:13:47 0 [Note] C:\Program Files (x86)\xampplite\mysql\bin\mysqld.exe: Shutdown complete

